-------------------------------------------------------------------------------
Test set: TestSuite
-------------------------------------------------------------------------------
Tests run: 1, Failures: 1, Errors: 0, Skipped: 0, Time elapsed: 16.517 sec <<< FAILURE! - in TestSuite
testbrowser(testBrowser.BrowserTest)  Time elapsed: 15.063 sec  <<< FAILURE!
org.openqa.selenium.SessionNotCreatedException: session not created: This version of ChromeDriver only supports Chrome version 75
Build info: version: '3.141.59', revision: 'e82be7d358', time: '2018-11-14T08:17:03'
System info: host: 'DESKTOP-MOUJJKK', ip: '192.168.233.1', os.name: 'Windows 10', os.arch: 'amd64', os.version: '10.0', java.version: '1.8.0_162'
Driver info: driver.version: ChromeDriver
remote stacktrace: Backtrace:
	Ordinal0 [0x00C51B43+1448771]
	Ordinal0 [0x00BD5A31+940593]
	Ordinal0 [0x00B62293+467603]
	Ordinal0 [0x00AFF27E+62078]
	Ordinal0 [0x00AFBBBD+48061]
	Ordinal0 [0x00B18D09+167177]
	Ordinal0 [0x00B188DD+166109]
	Ordinal0 [0x00B16FEB+159723]
	Ordinal0 [0x00B009F6+68086]
	Ordinal0 [0x00B01990+72080]
	Ordinal0 [0x00B01929+71977]
	GetHandleVerifier [0x00D92E8C+1172172]
	GetHandleVerifier [0x00CEFE55+504469]
	GetHandleVerifier [0x00CEFBF0+503856]
	Ordinal0 [0x00C5C9C8+1493448]
	GetHandleVerifier [0x00CF062A+506474]
	Ordinal0 [0x00BE7156+1012054]
	Ordinal0 [0x00BE6FCF+1011663]
	Ordinal0 [0x00BF135B+1053531]
	Ordinal0 [0x00BF14C3+1053891]
	Ordinal0 [0x00BF04F5+1049845]
	BaseThreadInitThunk [0x751C0419+25]
	RtlGetAppContainerNamedObjectPath [0x76FE662D+237]
	RtlGetAppContainerNamedObjectPath [0x76FE65FD+189]

	at sun.reflect.NativeConstructorAccessorImpl.newInstance0(Native Method)
	at sun.reflect.NativeConstructorAccessorImpl.newInstance(NativeConstructorAccessorImpl.java:62)
	at sun.reflect.DelegatingConstructorAccessorImpl.newInstance(DelegatingConstructorAccessorImpl.java:45)
	at java.lang.reflect.Constructor.newInstance(Constructor.java:423)
	at org.openqa.selenium.remote.W3CHandshakeResponse.lambda$errorHandler$0(W3CHandshakeResponse.java:62)
	at org.openqa.selenium.remote.HandshakeResponse.lambda$getResponseFunction$0(HandshakeResponse.java:30)
	at org.openqa.selenium.remote.ProtocolHandshake.lambda$createSession$0(ProtocolHandshake.java:126)
	at java.util.stream.ReferencePipeline$3$1.accept(ReferencePipeline.java:193)
	at java.util.Spliterators$ArraySpliterator.tryAdvance(Spliterators.java:958)
	at java.util.stream.ReferencePipeline.forEachWithCancel(ReferencePipeline.java:126)
	at java.util.stream.AbstractPipeline.copyIntoWithCancel(AbstractPipeline.java:498)
	at java.util.stream.AbstractPipeline.copyInto(AbstractPipeline.java:485)
	at java.util.stream.AbstractPipeline.wrapAndCopyInto(AbstractPipeline.java:471)
	at java.util.stream.FindOps$FindOp.evaluateSequential(FindOps.java:152)
	at java.util.stream.AbstractPipeline.evaluate(AbstractPipeline.java:234)
	at java.util.stream.ReferencePipeline.findFirst(ReferencePipeline.java:464)
	at org.openqa.selenium.remote.ProtocolHandshake.createSession(ProtocolHandshake.java:128)
	at org.openqa.selenium.remote.ProtocolHandshake.createSession(ProtocolHandshake.java:74)
	at org.openqa.selenium.remote.HttpCommandExecutor.execute(HttpCommandExecutor.java:136)
	at org.openqa.selenium.remote.service.DriverCommandExecutor.execute(DriverCommandExecutor.java:83)
	at org.openqa.selenium.remote.RemoteWebDriver.execute(RemoteWebDriver.java:552)
	at org.openqa.selenium.remote.RemoteWebDriver.startSession(RemoteWebDriver.java:213)
	at org.openqa.selenium.remote.RemoteWebDriver.<init>(RemoteWebDriver.java:131)
	at org.openqa.selenium.chrome.ChromeDriver.<init>(ChromeDriver.java:181)
	at org.openqa.selenium.chrome.ChromeDriver.<init>(ChromeDriver.java:168)
	at org.openqa.selenium.chrome.ChromeDriver.<init>(ChromeDriver.java:123)
	at testBrowser.BrowserTest.testbrowser(BrowserTest.java:19)

